Arguments: 
  C:\Program Files\nodejs\node.exe C:\Users\yuuku\AppData\Roaming\npm\node_modules\yarn\bin\yarn.js add typescript -D

PATH: 
  C:\Windows\system32;C:\Windows;C:\Windows\System32\Wbem;C:\Windows\System32\WindowsPowerShell\v1.0\;C:\Windows\System32\OpenSSH\;C:\Program Files\Git\cmd;C:\Program Files\nodejs\;C:\Windows\system32;C:\Windows;C:\Windows\System32\Wbem;C:\Windows\System32\WindowsPowerShell\v1.0\;C:\Windows\System32\OpenSSH\;C:\Program Files\Git\cmd;C:\Program Files\nodejs\;C:/Arquivos\ de\ Programas/Git/bin;C:\Users\yuuku\AppData\Roaming\npm;C:\Users\yuuku\AppData\Local\Programs\Microsoft VS Code\bin

Yarn version: 
  1.22.10

Node version: 
  14.15.1

Platform: 
  win32 x64

Trace: 
  Error: getaddrinfo ENOTFOUND registry.yarnpkg.com
      at GetAddrInfoReqWrap.onlookup [as oncomplete] (dns.js:67:26)

npm manifest: 
  {
    "name": "roll-dice-back",
    "version": "1.0.0",
    "description": "",
    "main": "index.js",
    "scripts": {
      "start": "nodemon index.ts",
      "test": "echo \"Error: no test specified\" && exit 1"
    },
    "author": "yuu-kuhaku",
    "license": "ISC",
    "dependencies": {
      "@types/express": "^4.17.11",
      "bcrypt": "^5.0.0",
      "body-parser": "^1.19.0",
      "consign": "^0.1.6",
      "express": "^4.17.1",
      "moment": "^2.29.1",
      "mysql": "^2.18.1"
    },
    "devDependencies": {
      "nodemon": "^2.0.6"
    }
  }

yarn manifest: 
  No manifest

Lockfile: 
  No lockfile
